Determining if the pthread_create exist failed with the following output:
Change Dir: /host_home/ws/git-ws/robotics_projects/search_scan_matching/build/CMakeFiles/CMakeTmp

Run Build Command:"/usr/bin/make" "cmTC_63b14/fast"
/usr/bin/make -f CMakeFiles/cmTC_63b14.dir/build.make CMakeFiles/cmTC_63b14.dir/build
make[1]: Entering directory '/host_home/ws/git-ws/robotics_projects/search_scan_matching/build/CMakeFiles/CMakeTmp'
Building CXX object CMakeFiles/cmTC_63b14.dir/CheckSymbolExists.cxx.o
/usr/bin/c++    -std=c++14 -o CMakeFiles/cmTC_63b14.dir/CheckSymbolExists.cxx.o -c /host_home/ws/git-ws/robotics_projects/search_scan_matching/build/CMakeFiles/CMakeTmp/CheckSymbolExists.cxx
Linking CXX executable cmTC_63b14
/usr/bin/cmake -E cmake_link_script CMakeFiles/cmTC_63b14.dir/link.txt --verbose=1
/usr/bin/c++       CMakeFiles/cmTC_63b14.dir/CheckSymbolExists.cxx.o  -o cmTC_63b14 
CMakeFiles/cmTC_63b14.dir/CheckSymbolExists.cxx.o: In function `main':
CheckSymbolExists.cxx:(.text+0x1b): undefined reference to `pthread_create'
collect2: error: ld returned 1 exit status
CMakeFiles/cmTC_63b14.dir/build.make:97: recipe for target 'cmTC_63b14' failed
make[1]: *** [cmTC_63b14] Error 1
make[1]: Leaving directory '/host_home/ws/git-ws/robotics_projects/search_scan_matching/build/CMakeFiles/CMakeTmp'
Makefile:126: recipe for target 'cmTC_63b14/fast' failed
make: *** [cmTC_63b14/fast] Error 2

File /host_home/ws/git-ws/robotics_projects/search_scan_matching/build/CMakeFiles/CMakeTmp/CheckSymbolExists.cxx:
/* */
#include <pthread.h>

int main(int argc, char** argv)
{
  (void)argv;
#ifndef pthread_create
  return ((int*)(&pthread_create))[argc];
#else
  (void)argc;
  return 0;
#endif
}

Determining if the function pthread_create exists in the pthreads failed with the following output:
Change Dir: /host_home/ws/git-ws/robotics_projects/search_scan_matching/build/CMakeFiles/CMakeTmp

Run Build Command:"/usr/bin/make" "cmTC_3830d/fast"
/usr/bin/make -f CMakeFiles/cmTC_3830d.dir/build.make CMakeFiles/cmTC_3830d.dir/build
make[1]: Entering directory '/host_home/ws/git-ws/robotics_projects/search_scan_matching/build/CMakeFiles/CMakeTmp'
Building CXX object CMakeFiles/cmTC_3830d.dir/CheckFunctionExists.cxx.o
/usr/bin/c++    -DCHECK_FUNCTION_EXISTS=pthread_create   -std=c++14 -o CMakeFiles/cmTC_3830d.dir/CheckFunctionExists.cxx.o -c /host_home/ws/git-ws/robotics_projects/search_scan_matching/build/CMakeFiles/CheckLibraryExists/CheckFunctionExists.cxx
Linking CXX executable cmTC_3830d
/usr/bin/cmake -E cmake_link_script CMakeFiles/cmTC_3830d.dir/link.txt --verbose=1
/usr/bin/c++   -DCHECK_FUNCTION_EXISTS=pthread_create    CMakeFiles/cmTC_3830d.dir/CheckFunctionExists.cxx.o  -o cmTC_3830d -lpthreads 
/usr/bin/ld: cannot find -lpthreads
collect2: error: ld returned 1 exit status
CMakeFiles/cmTC_3830d.dir/build.make:97: recipe for target 'cmTC_3830d' failed
make[1]: *** [cmTC_3830d] Error 1
make[1]: Leaving directory '/host_home/ws/git-ws/robotics_projects/search_scan_matching/build/CMakeFiles/CMakeTmp'
Makefile:126: recipe for target 'cmTC_3830d/fast' failed
make: *** [cmTC_3830d/fast] Error 2


